2026-01-26 21:55:46,773 INFO Login success: admin (admin)
2026-01-26 21:58:35,760 INFO Login success: bikal (student)
2026-01-26 21:58:47,501 INFO Login success: admin (admin)
2026-01-26 22:34:42,483 INFO Admin updated role: bikal1 -> teacher by admin
2026-01-26 22:35:16,383 INFO Login success: bikal1 (teacher)
2026-01-26 22:41:18,538 INFO Login success: admin (admin)
2026-01-26 22:48:58,296 INFO Admin uploaded corpus file: threat_modelling.pdf by admin
2026-01-26 22:59:50,122 INFO Admin uploaded corpus file: frequency_substitute.pdf by admin
2026-01-26 23:04:38,334 INFO Login success: bikal1 (teacher)
2026-01-26 23:18:48,138 INFO Scan success: cybersecurity_assessment_summarry.pdf
2026-01-26 23:19:31,405 INFO Login success: bikal1 (teacher)
2026-01-27 06:01:54,116 INFO Login success: bikal1 (teacher)
2026-01-27 07:02:13,304 INFO Login success: admin (admin)
2026-01-28 11:57:30,959 INFO Login success: admin (admin)
2026-01-28 15:52:34,278 INFO Login success: bikal (student)
2026-01-28 15:52:44,601 INFO Scan success: Booms_with_Ghidra.pdf
2026-01-28 15:55:29,497 INFO Login success: bikal1 (teacher)
2026-01-28 16:18:59,954 INFO Login success: admin (admin)
2026-01-28 18:14:05,463 INFO Scan success: Bikal_Magar_CV.pdf
2026-02-03 09:33:20,201 INFO Login success: admin (admin)
2026-02-03 13:17:05,749 INFO Login success: admin (admin)
2026-02-03 13:20:58,366 INFO Signup success: firstuser (student)
2026-02-03 13:21:03,344 INFO Login success: firstuser (student)
2026-02-03 13:21:18,044 INFO Scan success: Booms_with_Ghidra.pdf
2026-02-03 13:23:57,701 INFO Login success: firstuser (student)
2026-02-03 13:24:07,560 INFO Scan success: Bikal_Magar_CV.pdf
